2020-01-13 18:59:11 [scrapy.utils.log] INFO: Scrapy 1.6.0 started (bot: bot)
2020-01-13 18:59:11 [scrapy.utils.log] INFO: Versions: lxml 4.3.3.0, libxml2 2.9.5, cssselect 1.0.3, parsel 1.5.1, w3lib 1.20.0, Twisted 18.9.0, Python 3.6.3 |Anaconda, Inc.| (default, Oct 15 2017, 03:27:45) [MSC v.1900 64 bit (AMD64)], pyOpenSSL 19.0.0 (OpenSSL 1.1.1b  26 Feb 2019), cryptography 2.6.1, Platform Windows-10-10.0.18362-SP0
2020-01-13 18:59:11 [scrapy.crawler] INFO: Overridden settings: {'BOT_NAME': 'bot', 'DOWNLOAD_DELAY': 3, 'LOG_FILE': 'logs\\bot\\ctrip_spider\\b4f7c5c835f311eab556680715f16bd3.log', 'NEWSPIDER_MODULE': 'bot.spiders', 'SPIDER_MODULES': ['bot.spiders']}
2020-01-13 18:59:11 [scrapy.extensions.telnet] INFO: Telnet Password: 5272780236a55500
2020-01-13 18:59:11 [scrapy.middleware] INFO: Enabled extensions:
['scrapy.extensions.corestats.CoreStats',
 'scrapy.extensions.telnet.TelnetConsole',
 'scrapy.extensions.logstats.LogStats']
2020-01-13 18:59:11 [scrapy.middleware] INFO: Enabled downloader middlewares:
['scrapy.downloadermiddlewares.httpauth.HttpAuthMiddleware',
 'scrapy.downloadermiddlewares.downloadtimeout.DownloadTimeoutMiddleware',
 'scrapy.downloadermiddlewares.defaultheaders.DefaultHeadersMiddleware',
 'scrapy.downloadermiddlewares.useragent.UserAgentMiddleware',
 'scrapy.downloadermiddlewares.retry.RetryMiddleware',
 'scrapy.downloadermiddlewares.redirect.MetaRefreshMiddleware',
 'scrapy.downloadermiddlewares.httpcompression.HttpCompressionMiddleware',
 'scrapy.downloadermiddlewares.httpproxy.HttpProxyMiddleware',
 'scrapy.downloadermiddlewares.stats.DownloaderStats']
2020-01-13 18:59:12 [scrapy.middleware] INFO: Enabled spider middlewares:
['scrapy.spidermiddlewares.httperror.HttpErrorMiddleware',
 'scrapy.spidermiddlewares.offsite.OffsiteMiddleware',
 'scrapy.spidermiddlewares.referer.RefererMiddleware',
 'scrapy.spidermiddlewares.urllength.UrlLengthMiddleware',
 'scrapy.spidermiddlewares.depth.DepthMiddleware']
2020-01-13 18:59:12 [scrapy.middleware] INFO: Enabled item pipelines:
['bot.pipelines.BotPipeline']
2020-01-13 18:59:12 [scrapy.core.engine] INFO: Spider opened
2020-01-13 18:59:12 [scrapy.extensions.logstats] INFO: Crawled 0 pages (at 0 pages/min), scraped 0 items (at 0 items/min)
2020-01-13 18:59:12 [scrapy.extensions.telnet] INFO: Telnet console listening on 127.0.0.1:6023
2020-01-13 18:59:13 [scrapy.core.engine] DEBUG: Crawled (200) <GET https://m.ctrip.com/webapp/you/gspoi/sight/155/9216.html> (referer: None)
2020-01-13 18:59:13 [scrapy.core.scraper] DEBUG: Scraped from <200 https://m.ctrip.com/webapp/you/gspoi/sight/155/9216.html>
{'AddressText': '沈阳市沈河区沈阳路171号',
 'AddressWay': '乘坐环路到故宫西华门站下，步行268米可达',
 'BusinessId': '9216',
 'CommentNumberText': '10840',
 'CommentScoreReal': '4.5',
 'DistrictId': '155',
 'Img': ['https://youimg1.c-ctrip.com/target/100w0f0000007eyh47B68_D_800_600.jpg'],
 'OpenTimeSubText': '4月10日-10月10日  08:30-17:30；10月11日-次年4月9日  '
                    '09:00-16:30；每周一上午闭馆，13:00开馆（法定节假日和7、8月份除外）。11月1日起，除法定节假日外，全年实行周一全天闭馆。。',
 'Tags': '品味明清宫殿和文物',
 'Texts': '沈阳景点人气榜第1名',
 'Title': '沈阳故宫',
 'crawl_time': datetime.datetime(2020, 1, 13, 18, 59, 13, 507711)}
2020-01-13 18:59:16 [scrapy.core.engine] DEBUG: Crawled (200) <POST http://m.ctrip.com/restapi/soa2/13444/json/GetCommentListAndHotTagList> (referer: None)
2020-01-13 18:59:16 [scrapy.core.engine] INFO: Closing spider (finished)
2020-01-13 18:59:16 [scrapy.statscollectors] INFO: Dumping Scrapy stats:
{'downloader/request_bytes': 1367,
 'downloader/request_count': 2,
 'downloader/request_method_count/GET': 1,
 'downloader/request_method_count/POST': 1,
 'downloader/response_bytes': 51536,
 'downloader/response_count': 2,
 'downloader/response_status_count/200': 2,
 'finish_reason': 'finished',
 'finish_time': datetime.datetime(2020, 1, 13, 10, 59, 16, 299201),
 'item_scraped_count': 1,
 'log_count/DEBUG': 3,
 'log_count/INFO': 9,
 'request_depth_max': 1,
 'response_received_count': 2,
 'scheduler/dequeued': 2,
 'scheduler/dequeued/memory': 2,
 'scheduler/enqueued': 2,
 'scheduler/enqueued/memory': 2,
 'start_time': datetime.datetime(2020, 1, 13, 10, 59, 12, 106062)}
2020-01-13 18:59:16 [scrapy.core.engine] INFO: Spider closed (finished)
