2020-01-13 19:35:11 [scrapy.utils.log] INFO: Scrapy 1.6.0 started (bot: bot)
2020-01-13 19:35:11 [scrapy.utils.log] INFO: Versions: lxml 4.3.3.0, libxml2 2.9.5, cssselect 1.0.3, parsel 1.5.1, w3lib 1.20.0, Twisted 18.9.0, Python 3.6.3 |Anaconda, Inc.| (default, Oct 15 2017, 03:27:45) [MSC v.1900 64 bit (AMD64)], pyOpenSSL 19.0.0 (OpenSSL 1.1.1b  26 Feb 2019), cryptography 2.6.1, Platform Windows-10-10.0.18362-SP0
2020-01-13 19:35:11 [scrapy.crawler] INFO: Overridden settings: {'BOT_NAME': 'bot', 'DOWNLOAD_DELAY': 3, 'LOG_FILE': 'logs\\bot\\ctrip_spider\\bde5f29c35f811ea9c48680715f16bd3.log', 'NEWSPIDER_MODULE': 'bot.spiders', 'SPIDER_MODULES': ['bot.spiders']}
2020-01-13 19:35:11 [scrapy.extensions.telnet] INFO: Telnet Password: 3f8457a21d72456b
2020-01-13 19:35:11 [scrapy.middleware] INFO: Enabled extensions:
['scrapy.extensions.corestats.CoreStats',
 'scrapy.extensions.telnet.TelnetConsole',
 'scrapy.extensions.logstats.LogStats']
2020-01-13 19:35:11 [scrapy.middleware] INFO: Enabled downloader middlewares:
['scrapy.downloadermiddlewares.httpauth.HttpAuthMiddleware',
 'scrapy.downloadermiddlewares.downloadtimeout.DownloadTimeoutMiddleware',
 'scrapy.downloadermiddlewares.defaultheaders.DefaultHeadersMiddleware',
 'scrapy.downloadermiddlewares.useragent.UserAgentMiddleware',
 'scrapy.downloadermiddlewares.retry.RetryMiddleware',
 'scrapy.downloadermiddlewares.redirect.MetaRefreshMiddleware',
 'scrapy.downloadermiddlewares.httpcompression.HttpCompressionMiddleware',
 'scrapy.downloadermiddlewares.httpproxy.HttpProxyMiddleware',
 'scrapy.downloadermiddlewares.stats.DownloaderStats']
2020-01-13 19:35:11 [scrapy.middleware] INFO: Enabled spider middlewares:
['scrapy.spidermiddlewares.httperror.HttpErrorMiddleware',
 'scrapy.spidermiddlewares.offsite.OffsiteMiddleware',
 'scrapy.spidermiddlewares.referer.RefererMiddleware',
 'scrapy.spidermiddlewares.urllength.UrlLengthMiddleware',
 'scrapy.spidermiddlewares.depth.DepthMiddleware']
2020-01-13 19:35:11 [scrapy.middleware] INFO: Enabled item pipelines:
['bot.pipelines.BotPipeline']
2020-01-13 19:35:11 [scrapy.core.engine] INFO: Spider opened
2020-01-13 19:35:11 [scrapy.extensions.logstats] INFO: Crawled 0 pages (at 0 pages/min), scraped 0 items (at 0 items/min)
2020-01-13 19:35:11 [scrapy.extensions.telnet] INFO: Telnet console listening on 127.0.0.1:6023
2020-01-13 19:35:13 [scrapy.core.engine] DEBUG: Crawled (200) <GET https://m.ctrip.com/webapp/you/gspoi/sight/155/9290.html> (referer: None)
2020-01-13 19:35:13 [scrapy.core.scraper] DEBUG: Scraped from <200 https://m.ctrip.com/webapp/you/gspoi/sight/155/9290.html>
{'AddressText': '沈阳市浑南区棋盘山国际旅游风景区内(近关东影视城，棋盘山动物园)',
 'BusinessId': '9290',
 'CommentNumberText': '330',
 'CommentScoreReal': '4.4',
 'DistrictId': '155',
 'Img': ['https://youimg1.c-ctrip.com/target/10090t000000irohf5286_D_800_600.jpg'],
 'OpenTimeSubText': '8:30-20：10。',
 'Tags': '四季皆景的山水胜地',
 'Texts': '沈阳景点人气榜第2名',
 'Title': '棋盘山',
 'crawl_time': datetime.datetime(2020, 1, 13, 19, 35, 13, 170809)}
2020-01-13 19:35:16 [scrapy.core.engine] DEBUG: Crawled (200) <POST http://m.ctrip.com/restapi/soa2/13444/json/GetCommentListAndHotTagList> (referer: None)
2020-01-13 19:35:16 [scrapy.core.scraper] ERROR: Spider error processing <POST http://m.ctrip.com/restapi/soa2/13444/json/GetCommentListAndHotTagList> (referer: None)
Traceback (most recent call last):
  File "d:\venv\ctrip-analysis-system\lib\site-packages\scrapy\utils\defer.py", line 102, in iter_errback
    yield next(it)
  File "d:\venv\ctrip-analysis-system\lib\site-packages\scrapy\spidermiddlewares\offsite.py", line 29, in process_spider_output
    for x in result:
  File "d:\venv\ctrip-analysis-system\lib\site-packages\scrapy\spidermiddlewares\referer.py", line 339, in <genexpr>
    return (_set_referer(r) for r in result or ())
  File "d:\venv\ctrip-analysis-system\lib\site-packages\scrapy\spidermiddlewares\urllength.py", line 37, in <genexpr>
    return (r for r in result or () if _filter(r))
  File "d:\venv\ctrip-analysis-system\lib\site-packages\scrapy\spidermiddlewares\depth.py", line 58, in <genexpr>
    return (r for r in result or () if _filter(r))
  File "D:\Workplace\ctrip_analysis_system\scrapydserver\bot\spiders\ctrip_spider.py", line 172, in get_CommentInfo
    list_user=user_InfoItem.objects.filter(user_Id=UserId)
  File "d:\venv\ctrip-analysis-system\lib\site-packages\scrapy\item.py", line 74, in __getattr__
    raise AttributeError(name)
AttributeError: objects
2020-01-13 19:35:16 [scrapy.core.engine] INFO: Closing spider (finished)
2020-01-13 19:35:16 [scrapy.statscollectors] INFO: Dumping Scrapy stats:
{'downloader/request_bytes': 1367,
 'downloader/request_count': 2,
 'downloader/request_method_count/GET': 1,
 'downloader/request_method_count/POST': 1,
 'downloader/response_bytes': 46473,
 'downloader/response_count': 2,
 'downloader/response_status_count/200': 2,
 'finish_reason': 'finished',
 'finish_time': datetime.datetime(2020, 1, 13, 11, 35, 16, 610608),
 'item_scraped_count': 1,
 'log_count/DEBUG': 3,
 'log_count/ERROR': 1,
 'log_count/INFO': 9,
 'request_depth_max': 1,
 'response_received_count': 2,
 'scheduler/dequeued': 2,
 'scheduler/dequeued/memory': 2,
 'scheduler/enqueued': 2,
 'scheduler/enqueued/memory': 2,
 'spider_exceptions/AttributeError': 1,
 'start_time': datetime.datetime(2020, 1, 13, 11, 35, 11, 785516)}
2020-01-13 19:35:16 [scrapy.core.engine] INFO: Spider closed (finished)
