2020-01-13 09:49:02 [scrapy.utils.log] INFO: Scrapy 1.6.0 started (bot: bot)
2020-01-13 09:49:02 [scrapy.utils.log] INFO: Versions: lxml 4.3.3.0, libxml2 2.9.5, cssselect 1.0.3, parsel 1.5.1, w3lib 1.20.0, Twisted 18.9.0, Python 3.6.3 |Anaconda, Inc.| (default, Oct 15 2017, 03:27:45) [MSC v.1900 64 bit (AMD64)], pyOpenSSL 19.0.0 (OpenSSL 1.1.1b  26 Feb 2019), cryptography 2.6.1, Platform Windows-10-10.0.18362-SP0
2020-01-13 09:49:02 [scrapy.crawler] INFO: Overridden settings: {'BOT_NAME': 'bot', 'DOWNLOAD_DELAY': 3, 'LOG_FILE': 'logs\\bot\\ctrip_spider\\dc6c3ed435a611eabee7680715f16bd3.log', 'NEWSPIDER_MODULE': 'bot.spiders', 'SPIDER_MODULES': ['bot.spiders']}
2020-01-13 09:49:02 [scrapy.extensions.telnet] INFO: Telnet Password: 4ddc425cad59e169
2020-01-13 09:49:02 [scrapy.middleware] INFO: Enabled extensions:
['scrapy.extensions.corestats.CoreStats',
 'scrapy.extensions.telnet.TelnetConsole',
 'scrapy.extensions.logstats.LogStats']
2020-01-13 09:49:02 [scrapy.middleware] INFO: Enabled downloader middlewares:
['scrapy.downloadermiddlewares.httpauth.HttpAuthMiddleware',
 'scrapy.downloadermiddlewares.downloadtimeout.DownloadTimeoutMiddleware',
 'scrapy.downloadermiddlewares.defaultheaders.DefaultHeadersMiddleware',
 'scrapy.downloadermiddlewares.useragent.UserAgentMiddleware',
 'scrapy.downloadermiddlewares.retry.RetryMiddleware',
 'scrapy.downloadermiddlewares.redirect.MetaRefreshMiddleware',
 'scrapy.downloadermiddlewares.httpcompression.HttpCompressionMiddleware',
 'scrapy.downloadermiddlewares.httpproxy.HttpProxyMiddleware',
 'scrapy.downloadermiddlewares.stats.DownloaderStats']
2020-01-13 09:49:02 [scrapy.middleware] INFO: Enabled spider middlewares:
['scrapy.spidermiddlewares.httperror.HttpErrorMiddleware',
 'scrapy.spidermiddlewares.offsite.OffsiteMiddleware',
 'scrapy.spidermiddlewares.referer.RefererMiddleware',
 'scrapy.spidermiddlewares.urllength.UrlLengthMiddleware',
 'scrapy.spidermiddlewares.depth.DepthMiddleware']
2020-01-13 09:49:02 [scrapy.middleware] INFO: Enabled item pipelines:
['bot.pipelines.BotPipeline']
2020-01-13 09:49:02 [scrapy.core.engine] INFO: Spider opened
2020-01-13 09:49:02 [scrapy.extensions.logstats] INFO: Crawled 0 pages (at 0 pages/min), scraped 0 items (at 0 items/min)
2020-01-13 09:49:02 [scrapy.extensions.telnet] INFO: Telnet console listening on 127.0.0.1:6023
2020-01-13 09:49:03 [scrapy.core.engine] DEBUG: Crawled (200) <GET https://m.ctrip.com/webapp/you/gspoi/sight/155/9216.html> (referer: None)
2020-01-13 09:49:07 [scrapy.core.engine] DEBUG: Crawled (200) <GET https://m.ctrip.com/webapp/you/gspoi/sight/155/9290.html> (referer: None)
2020-01-13 09:49:07 [scrapy.core.engine] INFO: Closing spider (finished)
2020-01-13 09:49:07 [scrapy.statscollectors] INFO: Dumping Scrapy stats:
{'downloader/request_bytes': 1936,
 'downloader/request_count': 2,
 'downloader/request_method_count/GET': 2,
 'downloader/response_bytes': 76892,
 'downloader/response_count': 2,
 'downloader/response_status_count/200': 2,
 'finish_reason': 'finished',
 'finish_time': datetime.datetime(2020, 1, 13, 1, 49, 7, 981924),
 'log_count/DEBUG': 2,
 'log_count/INFO': 9,
 'response_received_count': 2,
 'scheduler/dequeued': 2,
 'scheduler/dequeued/memory': 2,
 'scheduler/enqueued': 2,
 'scheduler/enqueued/memory': 2,
 'start_time': datetime.datetime(2020, 1, 13, 1, 49, 2, 457992)}
2020-01-13 09:49:07 [scrapy.core.engine] INFO: Spider closed (finished)
